<?xml version="1.0" encoding="UTF-8"?>
<!-- Generated by org.testng.reporters.JUnitReportReporter -->
<testsuite hostname="DESKTOP-0BP7HQF" failures="0" tests="3" name="Module1_LoginTest.FacebookTrendTestPage" time="14.759" errors="0" timestamp="2023-02-17T08:55:16 IST" skipped="0">
  <testcase classname="Module1_LoginTest.FacebookTrendTestPage" name="StoryisDispl" time="2.420"/>
  <system-out/>
  <testcase classname="Module1_LoginTest.FacebookTrendTestPage" name="VarifyText" time="10.175"/>
  <system-out/>
  <testcase classname="Module1_LoginTest.FacebookTrendTestPage" name="VarifyText2" time="2.164"/>
  <system-out/>
</testsuite> <!-- Module1_LoginTest.FacebookTrendTestPage -->
