<?xml version="1.0" encoding="UTF-8"?>
<!-- Generated by org.testng.reporters.JUnitReportReporter -->
<testsuite hostname="DESKTOP-0BP7HQF" failures="0" tests="4" name="Pr1.DataProviderEx2" time="110.710" errors="0" timestamp="2023-03-31T18:33:03 IST" skipped="0">
  <testcase classname="Pr1.DataProviderEx2" name="LoginWithDiffCred" time="31.538"/>
  <system-out/>
  <testcase classname="Pr1.DataProviderEx2" name="LoginWithDiffCred" time="24.316"/>
  <system-out/>
  <testcase classname="Pr1.DataProviderEx2" name="LoginWithDiffCred" time="27.405"/>
  <system-out/>
  <testcase classname="Pr1.DataProviderEx2" name="LoginWithDiffCred" time="27.451"/>
  <system-out/>
</testsuite> <!-- Pr1.DataProviderEx2 -->
