<?xml version="1.0" encoding="UTF-8"?>
<!-- Generated by org.testng.reporters.JUnitReportReporter -->
<testsuite hostname="DESKTOP-0BP7HQF" failures="0" tests="3" name="Module1_LoginTest.FacebookTestPage3" time="13.045" errors="0" timestamp="2023-01-12T16:24:00 IST" skipped="0">
  <testcase classname="Module1_LoginTest.FacebookTestPage3" name="verifyHomePageTitleTest" time="0.092"/>
  <system-out/>
  <testcase classname="Module1_LoginTest.FacebookTestPage3" name="IsDisplayedTest" time="12.468"/>
  <system-out/>
  <testcase classname="Module1_LoginTest.FacebookTestPage3" name="varifyHomePageURL" time="0.485"/>
  <system-out/>
</testsuite> <!-- Module1_LoginTest.FacebookTestPage3 -->
