<?xml version="1.0" encoding="UTF-8"?>
<!-- Generated by org.testng.reporters.JUnitReportReporter -->
<testsuite hostname="DESKTOP-0BP7HQF" failures="0" tests="3" name="Module1_LoginTest.FacebookBackHomeTest" time="14.265" errors="0" timestamp="2023-03-01T10:43:50 IST" skipped="0">
  <testcase classname="Module1_LoginTest.FacebookBackHomeTest" name="VarifySmalaHome" time="3.622"/>
  <system-out/>
  <testcase classname="Module1_LoginTest.FacebookBackHomeTest" name="sender" time="10.244"/>
  <system-out/>
  <testcase classname="Module1_LoginTest.FacebookBackHomeTest" name="confirmFrnd" time="0.399"/>
  <system-out/>
</testsuite> <!-- Module1_LoginTest.FacebookBackHomeTest -->
