<?xml version="1.0" encoding="UTF-8"?>
<!-- Generated by org.testng.reporters.JUnitReportReporter -->
<testsuite hostname="DESKTOP-0BP7HQF" failures="0" tests="3" name="Module1_LoginTest.FacebookTestPage4" time="16.459" errors="0" timestamp="2023-01-04T17:36:16 IST" skipped="0">
  <testcase classname="Module1_LoginTest.FacebookTestPage4" name="VarifyText" time="11.944"/>
  <system-out/>
  <testcase classname="Module1_LoginTest.FacebookTestPage4" name="VarifyText2" time="2.393"/>
  <system-out/>
  <testcase classname="Module1_LoginTest.FacebookTestPage4" name="StoryisDispl" time="2.122"/>
  <system-out/>
</testsuite> <!-- Module1_LoginTest.FacebookTestPage4 -->
