<?xml version="1.0" encoding="UTF-8"?>
<!-- Generated by org.testng.reporters.JUnitReportReporter -->
<testsuite hostname="DESKTOP-0BP7HQF" failures="0" tests="3" name="Module1_LoginTest.FacebookTestPage2" time="12.828" errors="0" timestamp="2023-01-12T15:14:24 IST" skipped="0">
  <testcase classname="Module1_LoginTest.FacebookTestPage2" name="StoryisDispl" time="2.130"/>
  <system-out/>
  <testcase classname="Module1_LoginTest.FacebookTestPage2" name="VarifyText" time="8.501"/>
  <system-out/>
  <testcase classname="Module1_LoginTest.FacebookTestPage2" name="VarifyText2" time="2.197"/>
  <system-out/>
</testsuite> <!-- Module1_LoginTest.FacebookTestPage2 -->
