<?xml version="1.0" encoding="UTF-8"?>
<!-- Generated by org.testng.reporters.JUnitReportReporter -->
<testsuite hostname="DESKTOP-0BP7HQF" failures="0" tests="2" name="Module1_LoginTest.FkLoginPageTest" time="2.219" errors="0" timestamp="2023-04-09T08:33:39 IST" skipped="0">
  <testcase classname="Module1_LoginTest.FkLoginPageTest" name="IsLogoDisplay" time="1.077"/>
  <system-out/>
  <testcase classname="Module1_LoginTest.FkLoginPageTest" name="IsBackImageDisplay" time="1.142"/>
  <system-out/>
</testsuite> <!-- Module1_LoginTest.FkLoginPageTest -->
